> Task :gradle-plugin:settings-plugin:checkKotlinGradlePluginConfigurationErrors SKIPPED
> Task :gradle-plugin:shared:checkKotlinGradlePluginConfigurationErrors SKIPPED
> Task :gradle-plugin:shared:compileKotlin UP-TO-DATE
> Task :gradle-plugin:shared:compileJava NO-SOURCE
> Task :gradle-plugin:shared:processResources NO-SOURCE
> Task :gradle-plugin:shared:classes UP-TO-DATE
> Task :gradle-plugin:shared:jar UP-TO-DATE
> Task :gradle-plugin:settings-plugin:compileKotlin UP-TO-DATE
> Task :gradle-plugin:settings-plugin:compileJava NO-SOURCE
> Task :gradle-plugin:settings-plugin:pluginDescriptors UP-TO-DATE
> Task :gradle-plugin:settings-plugin:processResources UP-TO-DATE
> Task :gradle-plugin:settings-plugin:classes UP-TO-DATE
> Task :gradle-plugin:settings-plugin:jar UP-TO-DATE
> Task :gradle-plugin:react-native-gradle-plugin:checkKotlinGradlePluginConfigurationErrors SKIPPED
> Task :gradle-plugin:react-native-gradle-plugin:compileKotlin UP-TO-DATE
> Task :gradle-plugin:react-native-gradle-plugin:compileJava NO-SOURCE
> Task :gradle-plugin:react-native-gradle-plugin:pluginDescriptors UP-TO-DATE
> Task :gradle-plugin:react-native-gradle-plugin:processResources UP-TO-DATE
> Task :gradle-plugin:react-native-gradle-plugin:classes UP-TO-DATE
> Task :gradle-plugin:react-native-gradle-plugin:jar UP-TO-DATE
> Task :react-native-ml-kit_text-recognition:preBuild UP-TO-DATE
> Task :react-native-ml-kit_text-recognition:preReleaseBuild UP-TO-DATE
> Task :react-native-ml-kit_text-recognition:mergeReleaseJniLibFolders UP-TO-DATE
> Task :react-native-ml-kit_text-recognition:mergeReleaseNativeLibs NO-SOURCE
> Task :react-native-ml-kit_text-recognition:stripReleaseDebugSymbols NO-SOURCE
> Task :react-native-ml-kit_text-recognition:copyReleaseJniLibsProjectAndLocalJars
> Task :react-native-ml-kit_text-recognition:generateReleaseResValues UP-TO-DATE
> Task :react-native-ml-kit_text-recognition:extractDeepLinksForAarRelease UP-TO-DATE
> Task :react-native-ml-kit_text-recognition:generateReleaseBuildConfig UP-TO-DATE
> Task :react-native-ml-kit_text-recognition:generateReleaseResources UP-TO-DATE
> Task :react-native-ml-kit_text-recognition:packageReleaseResources UP-TO-DATE
> Task :react-native-ml-kit_text-recognition:parseReleaseLocalResources UP-TO-DATE
> Task :react-native-ml-kit_text-recognition:processReleaseManifest UP-TO-DATE
> Task :react-native-ml-kit_text-recognition:generateReleaseRFile UP-TO-DATE
> Task :react-native-ml-kit_text-recognition:extractReleaseAnnotations
> Task :react-native-ml-kit_text-recognition:javaPreCompileRelease UP-TO-DATE
> Task :react-native-ml-kit_text-recognition:compileReleaseJavaWithJavac UP-TO-DATE
> Task :react-native-ml-kit_text-recognition:mergeReleaseGeneratedProguardFiles UP-TO-DATE
> Task :react-native-ml-kit_text-recognition:mergeReleaseConsumerProguardFiles UP-TO-DATE
> Task :react-native-ml-kit_text-recognition:mergeReleaseShaders UP-TO-DATE
> Task :react-native-ml-kit_text-recognition:compileReleaseShaders NO-SOURCE
> Task :react-native-ml-kit_text-recognition:generateReleaseAssets UP-TO-DATE
> Task :react-native-ml-kit_text-recognition:packageReleaseAssets UP-TO-DATE
> Task :react-native-ml-kit_text-recognition:prepareLintJarForPublish UP-TO-DATE
> Task :react-native-ml-kit_text-recognition:prepareReleaseArtProfile UP-TO-DATE
> Task :react-native-ml-kit_text-recognition:processReleaseJavaRes NO-SOURCE
> Task :react-native-ml-kit_text-recognition:writeReleaseAarMetadata UP-TO-DATE
> Task :react-native-camera:preBuild UP-TO-DATE
> Task :react-native-camera:preMlkitReleaseBuild UP-TO-DATE
> Task :react-native-camera:mergeMlkitReleaseJniLibFolders UP-TO-DATE
> Task :react-native-camera:mergeMlkitReleaseNativeLibs NO-SOURCE
> Task :react-native-camera:stripMlkitReleaseDebugSymbols NO-SOURCE
> Task :react-native-ml-kit_text-recognition:mergeReleaseJavaResource
> Task :react-native-camera:copyMlkitReleaseJniLibsProjectAndLocalJars
> Task :react-native-ml-kit_text-recognition:syncReleaseLibJars
> Task :react-native-ml-kit_text-recognition:bundleReleaseLocalLintAar
> Task :react-native-camera:generateMlkitReleaseResValues UP-TO-DATE
> Task :react-native-camera:extractDeepLinksForAarMlkitRelease UP-TO-DATE
> Task :react-native-camera:generateMlkitReleaseBuildConfig UP-TO-DATE
> Task :react-native-camera:generateMlkitReleaseResources UP-TO-DATE
> Task :react-native-camera:packageMlkitReleaseResources UP-TO-DATE
> Task :react-native-camera:parseMlkitReleaseLocalResources UP-TO-DATE
> Task :react-native-camera:processMlkitReleaseManifest UP-TO-DATE
> Task :react-native-camera:generateMlkitReleaseRFile UP-TO-DATE
> Task :react-native-camera:javaPreCompileMlkitRelease UP-TO-DATE
> Task :react-native-camera:compileMlkitReleaseJavaWithJavac UP-TO-DATE
> Task :react-native-camera:mergeMlkitReleaseGeneratedProguardFiles UP-TO-DATE
> Task :react-native-camera:mergeMlkitReleaseConsumerProguardFiles UP-TO-DATE
> Task :react-native-camera:mergeMlkitReleaseShaders UP-TO-DATE
> Task :react-native-camera:compileMlkitReleaseShaders NO-SOURCE
> Task :react-native-camera:generateMlkitReleaseAssets UP-TO-DATE
> Task :react-native-camera:packageMlkitReleaseAssets UP-TO-DATE
> Task :react-native-camera:prepareLintJarForPublish UP-TO-DATE
> Task :react-native-camera:prepareMlkitReleaseArtProfile UP-TO-DATE
> Task :react-native-camera:processMlkitReleaseJavaRes NO-SOURCE
> Task :react-native-camera:writeMlkitReleaseAarMetadata UP-TO-DATE
> Task :react-native-safe-area-context:preBuild UP-TO-DATE
> Task :react-native-safe-area-context:preReleaseBuild UP-TO-DATE
> Task :react-native-safe-area-context:mergeReleaseJniLibFolders UP-TO-DATE
> Task :react-native-safe-area-context:mergeReleaseNativeLibs NO-SOURCE
> Task :react-native-safe-area-context:stripReleaseDebugSymbols NO-SOURCE
> Task :react-native-camera:mergeMlkitReleaseJavaResource
> Task :react-native-safe-area-context:copyReleaseJniLibsProjectAndLocalJars
> Task :react-native-safe-area-context:generateReleaseResValues UP-TO-DATE
> Task :react-native-safe-area-context:extractDeepLinksForAarRelease UP-TO-DATE
> Task :react-native-safe-area-context:checkKotlinGradlePluginConfigurationErrors SKIPPED
> Task :react-native-safe-area-context:generateReleaseBuildConfig UP-TO-DATE
> Task :react-native-safe-area-context:generateReleaseResources UP-TO-DATE
> Task :react-native-safe-area-context:packageReleaseResources UP-TO-DATE
> Task :react-native-safe-area-context:parseReleaseLocalResources UP-TO-DATE
> Task :react-native-safe-area-context:processReleaseManifest UP-TO-DATE
> Task :react-native-safe-area-context:generateReleaseRFile UP-TO-DATE
> Task :react-native-safe-area-context:compileReleaseKotlin UP-TO-DATE
> Task :react-native-safe-area-context:extractReleaseAnnotations
> Task :react-native-safe-area-context:javaPreCompileRelease UP-TO-DATE
> Task :react-native-safe-area-context:compileReleaseJavaWithJavac UP-TO-DATE
> Task :react-native-safe-area-context:mergeReleaseGeneratedProguardFiles UP-TO-DATE
> Task :react-native-safe-area-context:mergeReleaseConsumerProguardFiles UP-TO-DATE
> Task :react-native-safe-area-context:mergeReleaseShaders UP-TO-DATE
> Task :react-native-safe-area-context:compileReleaseShaders NO-SOURCE
> Task :react-native-safe-area-context:generateReleaseAssets UP-TO-DATE
> Task :react-native-safe-area-context:packageReleaseAssets UP-TO-DATE
> Task :react-native-safe-area-context:prepareLintJarForPublish UP-TO-DATE
> Task :react-native-safe-area-context:prepareReleaseArtProfile UP-TO-DATE
> Task :react-native-safe-area-context:processReleaseJavaRes UP-TO-DATE
> Task :react-native-safe-area-context:writeReleaseAarMetadata UP-TO-DATE
> Task :react-native-screens:preBuild UP-TO-DATE
> Task :react-native-screens:preReleaseBuild UP-TO-DATE
> Task :react-native-safe-area-context:mergeReleaseJavaResource
> Task :react-native-screens:configureCMakeRelWithDebInfo[arm64-v8a]
> Task :react-native-safe-area-context:syncReleaseLibJars
> Task :react-native-safe-area-context:bundleReleaseLocalLintAar
> Task :react-native-screens:buildCMakeRelWithDebInfo[arm64-v8a]
> Task :react-native-screens:configureCMakeRelWithDebInfo[armeabi-v7a]
> Task :react-native-screens:buildCMakeRelWithDebInfo[armeabi-v7a]
> Task :react-native-screens:configureCMakeRelWithDebInfo[x86]
> Task :react-native-screens:buildCMakeRelWithDebInfo[x86]
> Task :react-native-screens:configureCMakeRelWithDebInfo[x86_64]
> Task :react-native-screens:buildCMakeRelWithDebInfo[x86_64]
> Task :react-native-screens:mergeReleaseJniLibFolders UP-TO-DATE
> Task :react-native-screens:mergeReleaseNativeLibs UP-TO-DATE
> Task :react-native-screens:generateReleaseResValues UP-TO-DATE
> Task :react-native-screens:extractDeepLinksForAarRelease UP-TO-DATE
> Task :react-native-screens:checkKotlinGradlePluginConfigurationErrors SKIPPED
> Task :react-native-screens:generateReleaseBuildConfig UP-TO-DATE
> Task :react-native-screens:generateReleaseResources UP-TO-DATE
> Task :react-native-screens:packageReleaseResources UP-TO-DATE
> Task :react-native-screens:parseReleaseLocalResources UP-TO-DATE
> Task :react-native-screens:processReleaseManifest UP-TO-DATE
> Task :react-native-screens:generateReleaseRFile UP-TO-DATE
> Task :react-native-screens:stripReleaseDebugSymbols
> Task :react-native-screens:compileReleaseKotlin UP-TO-DATE
> Task :react-native-screens:copyReleaseJniLibsProjectAndLocalJars
> Task :react-native-screens:extractReleaseAnnotations
> Task :react-native-screens:javaPreCompileRelease UP-TO-DATE

> Task :react-native-camera:extractMlkitReleaseAnnotations
e: file:///Users/serhii/.gradle/caches/8.13/transforms/7155341d52e8f3d375475b5aee33de40/transformed/jetified-react-android-0.82.0-release-api.jar!/META-INF/ReactAndroid_release.kotlin_moduleModule was compiled with an incompatible version of Kotlin. The binary version of its metadata is 2.1.0, expected version is 1.8.0.
e: file:///Users/serhii/.gradle/caches/8.13/transforms/b2f395943fe3958626b5624d1b0efce2/transformed/jetified-kotlin-stdlib-2.1.20.jar!/META-INF/kotlin-stdlib.kotlin_moduleModule was compiled with an incompatible version of Kotlin. The binary version of its metadata is 2.1.0, expected version is 1.8.0.
e: file:///Users/serhii/.gradle/caches/8.13/transforms/b2f395943fe3958626b5624d1b0efce2/transformed/jetified-kotlin-stdlib-2.1.20.jar!/META-INF/kotlin-stdlib-jdk8.kotlin_moduleModule was compiled with an incompatible version of Kotlin. The binary version of its metadata is 2.1.0, expected version is 1.8.0.
e: file:///Users/serhii/.gradle/caches/8.13/transforms/b2f395943fe3958626b5624d1b0efce2/transformed/jetified-kotlin-stdlib-2.1.20.jar!/META-INF/kotlin-stdlib-jdk7.kotlin_moduleModule was compiled with an incompatible version of Kotlin. The binary version of its metadata is 2.1.0, expected version is 1.8.0.

> Task :react-native-screens:compileReleaseJavaWithJavac UP-TO-DATE
> Task :react-native-camera:syncMlkitReleaseLibJars
> Task :react-native-camera:bundleMlkitReleaseLocalLintAar
> Task :react-native-screens:mergeReleaseGeneratedProguardFiles UP-TO-DATE
> Task :react-native-screens:mergeReleaseConsumerProguardFiles UP-TO-DATE
> Task :react-native-screens:mergeReleaseShaders UP-TO-DATE
> Task :react-native-screens:compileReleaseShaders NO-SOURCE
> Task :react-native-screens:generateReleaseAssets UP-TO-DATE
> Task :react-native-screens:packageReleaseAssets UP-TO-DATE
> Task :react-native-screens:prepareLintJarForPublish UP-TO-DATE
> Task :react-native-screens:prepareReleaseArtProfile UP-TO-DATE
> Task :react-native-screens:processReleaseJavaRes UP-TO-DATE
> Task :react-native-screens:writeReleaseAarMetadata UP-TO-DATE
> Task :react-native-svg:preBuild UP-TO-DATE
> Task :react-native-svg:preReleaseBuild UP-TO-DATE
> Task :react-native-svg:mergeReleaseJniLibFolders UP-TO-DATE
> Task :react-native-svg:mergeReleaseNativeLibs NO-SOURCE
> Task :react-native-svg:stripReleaseDebugSymbols NO-SOURCE
> Task :react-native-screens:mergeReleaseJavaResource
> Task :react-native-screens:syncReleaseLibJars
> Task :react-native-screens:bundleReleaseLocalLintAar
> Task :react-native-svg:copyReleaseJniLibsProjectAndLocalJars
> Task :react-native-svg:generateReleaseResValues UP-TO-DATE
> Task :react-native-svg:extractDeepLinksForAarRelease UP-TO-DATE
> Task :react-native-svg:generateReleaseBuildConfig UP-TO-DATE
> Task :react-native-svg:generateReleaseResources UP-TO-DATE
> Task :react-native-svg:packageReleaseResources UP-TO-DATE
> Task :react-native-svg:parseReleaseLocalResources UP-TO-DATE
> Task :react-native-svg:processReleaseManifest UP-TO-DATE
> Task :react-native-svg:generateReleaseRFile UP-TO-DATE
> Task :react-native-svg:extractReleaseAnnotations
> Task :react-native-svg:javaPreCompileRelease UP-TO-DATE
> Task :react-native-svg:compileReleaseJavaWithJavac UP-TO-DATE
> Task :react-native-svg:mergeReleaseGeneratedProguardFiles UP-TO-DATE
> Task :react-native-svg:mergeReleaseConsumerProguardFiles
> Task :react-native-svg:mergeReleaseShaders UP-TO-DATE
> Task :react-native-svg:compileReleaseShaders NO-SOURCE
> Task :react-native-svg:generateReleaseAssets UP-TO-DATE
> Task :react-native-svg:packageReleaseAssets UP-TO-DATE
> Task :react-native-svg:prepareLintJarForPublish UP-TO-DATE
> Task :react-native-svg:prepareReleaseArtProfile UP-TO-DATE
> Task :react-native-svg:processReleaseJavaRes NO-SOURCE
> Task :react-native-svg:writeReleaseAarMetadata UP-TO-DATE
> Task :react-native-svg:mergeReleaseJavaResource
> Task :app:buildKotlinToolingMetadata
> Task :react-native-svg:syncReleaseLibJars
> Task :react-native-svg:bundleReleaseLocalLintAar
> Task :app:checkKotlinGradlePluginConfigurationErrors SKIPPED
> Task :app:generateAutolinkingNewArchitectureFiles UP-TO-DATE
> Task :app:generateAutolinkingPackageList UP-TO-DATE
> Task :app:generateCodegenSchemaFromJavaScript SKIPPED
> Task :app:generateCodegenArtifactsFromSchema SKIPPED
> Task :app:generateReactNativeEntryPoint UP-TO-DATE
> Task :app:preBuild UP-TO-DATE
> Task :app:preMlkitReleaseBuild UP-TO-DATE
> Task :app:generateMlkitReleaseBuildConfig
> Task :app:checkMlkitReleaseAarMetadata

> Task :app:createBundleMlkitReleaseJsAndAssets

                        ▒▒▓▓▓▓▒▒
                     ▒▓▓▓▒▒░░▒▒▓▓▓▒
                  ▒▓▓▓▓░░░▒▒▒▒░░░▓▓▓▓▒
                 ▓▓▒▒▒▓▓▓▓▓▓▓▓▓▓▓▓▒▒▒▓▓
                 ▓▓░░░░░▒▓▓▓▓▓▓▒░░░░░▓▓
                 ▓▓░░▓▓▒░░░▒▒░░░▒▓▒░░▓▓
                 ▓▓░░▓▓▓▓▓▒▒▒▒▓▓▓▓▒░░▓▓
                 ▓▓░░▓▓▓▓▓▓▓▓▓▓▓▓▓▒░░▓▓
                 ▓▓▒░░▒▒▓▓▓▓▓▓▓▓▒░░░▒▓▓
                  ▒▓▓▓▒░░░▒▓▓▒░░░▒▓▓▓▒
                     ▒▓▓▓▒░░░░▒▓▓▓▒
                        ▒▒▓▓▓▓▒▒


 WARN  the transform cache was reset.
                Welcome to Metro v0.83.3
              Fast - Scalable - Integrated


